<?xml version="1.0" encoding="UTF-8"?>
<testng-results skipped="0" failed="0" ignored="0" total="2" passed="2">
  <reporter-output>
  </reporter-output>
  <suite name="Default suite" duration-ms="2302" started-at="2019-12-04T11:44:24Z" finished-at="2019-12-04T11:44:26Z">
    <groups>
    </groups>
    <test name="Default test" duration-ms="2302" started-at="2019-12-04T11:44:24Z" finished-at="2019-12-04T11:44:26Z">
      <class name="com.qa.tests.GetAPITest">
        <test-method status="PASS" signature="setUp()[pri:0, instance:com.qa.tests.GetAPITest@be83e4]" name="setUp" is-config="true" duration-ms="17" started-at="2019-12-04T11:44:24Z" finished-at="2019-12-04T11:44:24Z">
          <reporter-output>
          </reporter-output>
        </test-method> <!-- setUp -->
        <test-method status="PASS" signature="getAPITestWithoutHeaders()[pri:1, instance:com.qa.tests.GetAPITest@be83e4]" name="getAPITestWithoutHeaders" duration-ms="1445" started-at="2019-12-04T11:44:24Z" finished-at="2019-12-04T11:44:25Z">
          <reporter-output>
          </reporter-output>
        </test-method> <!-- getAPITestWithoutHeaders -->
        <test-method status="PASS" signature="setUp()[pri:0, instance:com.qa.tests.GetAPITest@be83e4]" name="setUp" is-config="true" duration-ms="2" started-at="2019-12-04T11:44:25Z" finished-at="2019-12-04T11:44:25Z">
          <reporter-output>
          </reporter-output>
        </test-method> <!-- setUp -->
        <test-method status="PASS" signature="getAPITestWithHeaders()[pri:2, instance:com.qa.tests.GetAPITest@be83e4]" name="getAPITestWithHeaders" duration-ms="800" started-at="2019-12-04T11:44:25Z" finished-at="2019-12-04T11:44:26Z">
          <reporter-output>
          </reporter-output>
        </test-method> <!-- getAPITestWithHeaders -->
      </class> <!-- com.qa.tests.GetAPITest -->
    </test> <!-- Default test -->
  </suite> <!-- Default suite -->
</testng-results>
